<?xml version="1.0" encoding="UTF-8"?>
<testng-results skipped="0" failed="0" total="1" passed="1">
  <reporter-output>
  </reporter-output>
  <suite name="Suite" duration-ms="657917" started-at="2019-05-21T11:07:49Z" finished-at="2019-05-21T11:18:46Z">
    <groups>
    </groups>
    <test name="Test" duration-ms="657917" started-at="2019-05-21T11:07:49Z" finished-at="2019-05-21T11:18:46Z">
      <class name="com.scrapPlant.functions.execution">
        <test-method status="PASS" signature="beforeTest()[pri:0, instance:com.scrapPlant.functions.execution@34ce8af7]" name="beforeTest" is-config="true" duration-ms="25" started-at="2019-05-21T16:37:49Z" finished-at="2019-05-21T16:37:49Z">
          <reporter-output>
          </reporter-output>
        </test-method> <!-- beforeTest -->
        <test-method status="PASS" signature="Execution()[pri:0, instance:com.scrapPlant.functions.execution@34ce8af7]" name="Execution" duration-ms="657853" started-at="2019-05-21T16:37:49Z" finished-at="2019-05-21T16:48:46Z">
          <reporter-output>
          </reporter-output>
        </test-method> <!-- Execution -->
        <test-method status="PASS" signature="afterTest()[pri:0, instance:com.scrapPlant.functions.execution@34ce8af7]" name="afterTest" is-config="true" duration-ms="34" started-at="2019-05-21T16:48:46Z" finished-at="2019-05-21T16:48:46Z">
          <reporter-output>
          </reporter-output>
        </test-method> <!-- afterTest -->
      </class> <!-- com.scrapPlant.functions.execution -->
    </test> <!-- Test -->
  </suite> <!-- Suite -->
</testng-results>
